<?xml version="1.0" encoding="UTF-8"?>
<!-- Generated by org.testng.reporters.JUnitReportReporter -->
<testsuite hostname="LAPTOP-5AP2L8LH" failures="0" tests="2" name="Academy.validateTexts" time="0.117" errors="0" timestamp="2021-10-20T15:13:40 EDT" skipped="0">
  <testcase classname="Academy.validateTexts" name="getbanner" time="0.044"/>
  <system-out/>
  <testcase classname="Academy.validateTexts" name="gettitle" time="0.073"/>
  <system-out/>
</testsuite> <!-- Academy.validateTexts -->
