<?xml version="1.0" encoding="UTF-8"?>
<!-- Generated by org.testng.reporters.JUnitReportReporter -->
<testsuite hostname="LAPTOP-5AP2L8LH" failures="0" tests="2" name="Academy.HomePage" time="0.867" errors="0" timestamp="2021-10-20T15:13:40 EDT" skipped="0">
  <testcase classname="Academy.HomePage" name="basePageNavigation" time="0.424"/>
  <system-out/>
  <testcase classname="Academy.HomePage" name="basePageNavigation" time="0.443"/>
  <system-out/>
</testsuite> <!-- Academy.HomePage -->
